{
  "RSpec": {
    "coverage": {
      "/Users/41407/Documents/Koob/Rails/ratebeer/config/environment.rb": [
        null,
        1,
        null,
        null,
        1
      ],
      "/Users/41407/Documents/Koob/Rails/ratebeer/config/application.rb": [
        1,
        null,
        1,
        null,
        null,
        null,
        null,
        1,
        null,
        1,
        1,
        1,
        1,
        null,
        null,
        null,
        null,
        null,
        null,
        null,
        null,
        null,
        null,
        null,
        null,
        null,
        null
      ],
      "/Users/41407/Documents/Koob/Rails/ratebeer/config/boot.rb": [
        null,
        1,
        null,
        1
      ],
      "/Users/41407/Documents/Koob/Rails/ratebeer/config/environments/test.rb": [
        1,
        null,
        null,
        null,
        null,
        null,
        null,
        1,
        null,
        null,
        null,
        null,
        1,
        null,
        null,
        1,
        1,
        null,
        null,
        1,
        1,
        null,
        null,
        1,
        null,
        null,
        1,
        null,
        null,
        null,
        null,
        1,
        null,
        null,
        1,
        null
      ],
      "/Users/41407/Documents/Koob/Rails/ratebeer/config/initializers/backtrace_silencers.rb": [
        null,
        null,
        null,
        null,
        null,
        null,
        null
      ],
      "/Users/41407/Documents/Koob/Rails/ratebeer/config/initializers/filter_parameter_logging.rb": [
        null,
        null,
        null,
        1
      ],
      "/Users/41407/Documents/Koob/Rails/ratebeer/config/initializers/inflections.rb": [
        null,
        null,
        null,
        null,
        null,
        null,
        null,
        null,
        null,
        null,
        null,
        null,
        null,
        null,
        null,
        null
      ],
      "/Users/41407/Documents/Koob/Rails/ratebeer/config/initializers/mime_types.rb": [
        null,
        null,
        null,
        null,
        null
      ],
      "/Users/41407/Documents/Koob/Rails/ratebeer/config/initializers/secret_token.rb": [
        null,
        null,
        null,
        null,
        null,
        null,
        null,
        null,
        null,
        null,
        null,
        1
      ],
      "/Users/41407/Documents/Koob/Rails/ratebeer/config/initializers/session_store.rb": [
        null,
        null,
        1
      ],
      "/Users/41407/Documents/Koob/Rails/ratebeer/config/initializers/wrap_parameters.rb": [
        null,
        null,
        null,
        null,
        null,
        null,
        1,
        1,
        null,
        null,
        null,
        null,
        null,
        null
      ],
      "/Users/41407/Documents/Koob/Rails/ratebeer/spec/factories.rb": [
        1,
        1,
        1,
        1,
        1,
        null,
        null,
        1,
        1,
        1,
        1,
        null,
        null,
        1,
        1,
        null,
        null,
        1,
        1,
        null,
        null,
        1,
        1,
        1,
        null,
        null,
        1,
        1,
        1,
        1,
        null,
        null,
        1,
        1,
        null,
        null
      ],
      "/Users/41407/Documents/Koob/Rails/ratebeer/app/models/user.rb": [
        1,
        1,
        null,
        1,
        null,
        1,
        null,
        null,
        null,
        null,
        1,
        1,
        null,
        null,
        1,
        1,
        1,
        1,
        null,
        1,
        4,
        2,
        null,
        null,
        1,
        6,
        5,
        5,
        null,
        1,
        null,
        null,
        null,
        null,
        null,
        null,
        null,
        null,
        null,
        null,
        null,
        null,
        null,
        null,
        1,
        5,
        4,
        10,
        null,
        14,
        null,
        null,
        1,
        null,
        1,
        60,
        10,
        24,
        null,
        null,
        1,
        18,
        null,
        null
      ],
      "/Users/41407/Documents/Koob/Rails/ratebeer/app/models/concerns/rating_average.rb": [
        1,
        1,
        null,
        1,
        1,
        null,
        null
      ],
      "/Users/41407/Documents/Koob/Rails/ratebeer/app/models/rating.rb": [
        1,
        1,
        1,
        null,
        1,
        null,
        null,
        null,
        1,
        0,
        null,
        null,
        null
      ],
      "/Users/41407/Documents/Koob/Rails/ratebeer/config/routes.rb": [
        1,
        1,
        null,
        1,
        null,
        1,
        null,
        1,
        1,
        1,
        1,
        1,
        1,
        1,
        null,
        null,
        null,
        null,
        null,
        null,
        1,
        null,
        1,
        null,
        1,
        null,
        1,
        null,
        1,
        null,
        null,
        null,
        null,
        null,
        null,
        null,
        null,
        null,
        null,
        null,
        null,
        null,
        null,
        null,
        null,
        null,
        null,
        null,
        null,
        null,
        null,
        null,
        null,
        null,
        null,
        null,
        null,
        null,
        null,
        null,
        null,
        null,
        null,
        null,
        null,
        null,
        null,
        null,
        null,
        null,
        null,
        null,
        null,
        null,
        null,
        null,
        null,
        null,
        null,
        null,
        null,
        null,
        null,
        null,
        null
      ],
      "/Users/41407/Documents/Koob/Rails/ratebeer/app/helpers/application_helper.rb": [
        1,
        null
      ],
      "/Users/41407/Documents/Koob/Rails/ratebeer/app/helpers/beer_clubs_helper.rb": [
        1,
        null
      ],
      "/Users/41407/Documents/Koob/Rails/ratebeer/app/helpers/beers_helper.rb": [
        1,
        null
      ],
      "/Users/41407/Documents/Koob/Rails/ratebeer/app/helpers/breweries_helper.rb": [
        1,
        null
      ],
      "/Users/41407/Documents/Koob/Rails/ratebeer/app/helpers/memberships_helper.rb": [
        1,
        null
      ],
      "/Users/41407/Documents/Koob/Rails/ratebeer/app/helpers/users_helper.rb": [
        1,
        null
      ],
      "/Users/41407/Documents/Koob/Rails/ratebeer/spec/support/own_test_helper.rb": [
        1,
        null,
        1,
        0,
        0,
        0,
        0,
        null,
        null
      ],
      "/Users/41407/Documents/Koob/Rails/ratebeer/app/models/beer.rb": [
        1,
        1,
        null,
        1,
        1,
        1,
        null,
        1,
        1,
        null,
        1,
        0,
        null,
        null
      ],
      "/Users/41407/Documents/Koob/Rails/ratebeer/app/models/brewery.rb": [
        1,
        1,
        null,
        1,
        1,
        null,
        1,
        1,
        null,
        1,
        null,
        1,
        21,
        21,
        0,
        null,
        null,
        null,
        1,
        0,
        0,
        0,
        0,
        null,
        null,
        1,
        0,
        0,
        null,
        null
      ]
    },
    "timestamp": 1392565605
  }
}
